生成启动时间为 2019/6/22 14:54:56。
     1>项目“E:\vs2013\作业练习\0622\0622\0622.vcxproj”在节点 2 上(Build 个目标)。
     1>ClCompile:
         E:\vs2013\VC\bin\CL.exe /c /ZI /nologo /W3 /WX- /sdl /Od /Oy- /D _MBCS /Gm /EHsc /RTC1 /MDd /GS /fp:precise /Zc:wchar_t /Zc:forScope /Fo"Debug\\" /Fd"Debug\vc120.pdb" /Gd /TC /analyze- /errorReport:prompt main.c seqList.c
         seqList.c
     1>e:\vs2013\作业练习\0622\0622\seqlist.c(25): warning C4022: “realloc”: 指针与实参 1 不匹配
     1>e:\vs2013\作业练习\0622\0622\seqlist.c(57): warning C4018: “<”: 有符号/无符号不匹配
     1>e:\vs2013\作业练习\0622\0622\seqlist.c(65): warning C4018: “<”: 有符号/无符号不匹配
     1>e:\vs2013\作业练习\0622\0622\seqlist.c(77): warning C4018: “>=”: 有符号/无符号不匹配
     1>e:\vs2013\作业练习\0622\0622\seqlist.c(88): warning C4018: “<”: 有符号/无符号不匹配
     1>e:\vs2013\作业练习\0622\0622\seqlist.c(109): warning C4018: “<”: 有符号/无符号不匹配
     1>e:\vs2013\作业练习\0622\0622\seqlist.c(118): warning C4018: “<”: 有符号/无符号不匹配
     1>e:\vs2013\作业练习\0622\0622\seqlist.c(119): warning C4018: “<”: 有符号/无符号不匹配
         main.c
         正在生成代码...
       Link:
         E:\vs2013\VC\bin\link.exe /ERRORREPORT:PROMPT /OUT:"E:\vs2013\作业练习\0622\Debug\0622.exe" /INCREMENTAL /NOLOGO kernel32.lib user32.lib gdi32.lib winspool.lib comdlg32.lib advapi32.lib shell32.lib ole32.lib oleaut32.lib uuid.lib odbc32.lib odbccp32.lib /MANIFEST /MANIFESTUAC:"level='asInvoker' uiAccess='false'" /manifest:embed /DEBUG /PDB:"E:\vs2013\作业练习\0622\Debug\0622.pdb" /TLBID:1 /DYNAMICBASE /NXCOMPAT /IMPLIB:"E:\vs2013\作业练习\0622\Debug\0622.lib" /MACHINE:X86 Debug\main.obj
         Debug\seqList.obj
         0622.vcxproj -> E:\vs2013\作业练习\0622\Debug\0622.exe
     1>已完成生成项目“E:\vs2013\作业练习\0622\0622\0622.vcxproj”(Build 个目标)的操作。

生成成功。

已用时间 00:00:04.62
